2022-04-29 15:56:47.904 [main] WARN  c.a.cloud.nacos.client.NacosPropertySourceBuilder - Ignore the empty nacos configuration and get it based on dataId[sys-auth-config] & group[SC_GROUP_C]
2022-04-29 15:56:47.921 [main] WARN  c.a.cloud.nacos.client.NacosPropertySourceBuilder - Ignore the empty nacos configuration and get it based on dataId[sys-auth-config.yaml] & group[SC_GROUP_C]
2022-04-29 15:56:47.931 [main] WARN  c.a.cloud.nacos.client.NacosPropertySourceBuilder - Ignore the empty nacos configuration and get it based on dataId[sys-auth-config-dev.yaml] & group[SC_GROUP_C]
2022-04-29 15:56:51.894 [main] WARN  org.mybatis.spring.mapper.ClassPathMapperScanner - Skipping MapperFactoryBean with name 'sysAccountMapper' and 'com.itheima.sys.auth.mapper.SysAccountMapper' mapperInterface. Bean already defined with the same name!
2022-04-29 15:56:51.900 [main] WARN  org.mybatis.spring.mapper.ClassPathMapperScanner - Skipping MapperFactoryBean with name 'sysMenuMapper' and 'com.itheima.sys.auth.mapper.SysMenuMapper' mapperInterface. Bean already defined with the same name!
2022-04-29 15:56:51.900 [main] WARN  org.mybatis.spring.mapper.ClassPathMapperScanner - Skipping MapperFactoryBean with name 'sysResourceMapper' and 'com.itheima.sys.auth.mapper.SysResourceMapper' mapperInterface. Bean already defined with the same name!
2022-04-29 15:56:51.901 [main] WARN  org.mybatis.spring.mapper.ClassPathMapperScanner - Skipping MapperFactoryBean with name 'sysRoleMapper' and 'com.itheima.sys.auth.mapper.SysRoleMapper' mapperInterface. Bean already defined with the same name!
2022-04-29 15:56:51.901 [main] WARN  org.mybatis.spring.mapper.ClassPathMapperScanner - Skipping MapperFactoryBean with name 'sysUserMapper' and 'com.itheima.sys.auth.mapper.SysUserMapper' mapperInterface. Bean already defined with the same name!
2022-04-29 15:56:51.902 [main] WARN  org.mybatis.spring.mapper.ClassPathMapperScanner - No MyBatis mapper was found in '[com.itheima.sys.auth.mapper]' package. Please check your configuration.
2022-04-29 15:57:09.390 [main] WARN  o.s.b.w.r.c.AnnotationConfigReactiveWebServerApplicationContext - Exception encountered during context initialization - cancelling refresh attempt: org.springframework.beans.factory.BeanCreationException: Error creating bean with name 'webSecurityConfig': Injection of resource dependencies failed; nested exception is org.springframework.beans.factory.NoSuchBeanDefinitionException: No qualifying bean of type 'com.itheima.sys.auth.config.manager.JwtSecurityContextRepository' available: expected at least 1 bean which qualifies as autowire candidate. Dependency annotations: {@javax.annotation.Resource(shareable=true, lookup=, name=, description=, authenticationType=CONTAINER, type=class java.lang.Object, mappedName=)}
2022-04-29 16:03:57.511 [main] WARN  c.a.cloud.nacos.client.NacosPropertySourceBuilder - Ignore the empty nacos configuration and get it based on dataId[sys-auth-config] & group[SC_GROUP_C]
2022-04-29 16:03:57.520 [main] WARN  c.a.cloud.nacos.client.NacosPropertySourceBuilder - Ignore the empty nacos configuration and get it based on dataId[sys-auth-config.yaml] & group[SC_GROUP_C]
2022-04-29 16:03:57.528 [main] WARN  c.a.cloud.nacos.client.NacosPropertySourceBuilder - Ignore the empty nacos configuration and get it based on dataId[sys-auth-config-dev.yaml] & group[SC_GROUP_C]
2022-04-29 16:03:59.257 [main] WARN  org.mybatis.spring.mapper.ClassPathMapperScanner - Skipping MapperFactoryBean with name 'sysAccountMapper' and 'com.itheima.sys.auth.mapper.SysAccountMapper' mapperInterface. Bean already defined with the same name!
2022-04-29 16:03:59.257 [main] WARN  org.mybatis.spring.mapper.ClassPathMapperScanner - Skipping MapperFactoryBean with name 'sysMenuMapper' and 'com.itheima.sys.auth.mapper.SysMenuMapper' mapperInterface. Bean already defined with the same name!
2022-04-29 16:03:59.257 [main] WARN  org.mybatis.spring.mapper.ClassPathMapperScanner - Skipping MapperFactoryBean with name 'sysResourceMapper' and 'com.itheima.sys.auth.mapper.SysResourceMapper' mapperInterface. Bean already defined with the same name!
2022-04-29 16:03:59.258 [main] WARN  org.mybatis.spring.mapper.ClassPathMapperScanner - Skipping MapperFactoryBean with name 'sysRoleMapper' and 'com.itheima.sys.auth.mapper.SysRoleMapper' mapperInterface. Bean already defined with the same name!
2022-04-29 16:03:59.258 [main] WARN  org.mybatis.spring.mapper.ClassPathMapperScanner - Skipping MapperFactoryBean with name 'sysUserMapper' and 'com.itheima.sys.auth.mapper.SysUserMapper' mapperInterface. Bean already defined with the same name!
2022-04-29 16:03:59.258 [main] WARN  org.mybatis.spring.mapper.ClassPathMapperScanner - No MyBatis mapper was found in '[com.itheima.sys.auth.mapper]' package. Please check your configuration.
2022-04-29 16:04:08.390 [main] WARN  com.netflix.config.sources.URLConfigurationSource - No URLs will be polled as dynamic configuration sources.
2022-04-29 16:04:08.427 [main] WARN  com.netflix.config.sources.URLConfigurationSource - No URLs will be polled as dynamic configuration sources.
2022-04-29 16:07:25.963 [main] WARN  c.a.cloud.nacos.client.NacosPropertySourceBuilder - Ignore the empty nacos configuration and get it based on dataId[sys-auth-config] & group[SC_GROUP_C]
2022-04-29 16:07:25.972 [main] WARN  c.a.cloud.nacos.client.NacosPropertySourceBuilder - Ignore the empty nacos configuration and get it based on dataId[sys-auth-config.yaml] & group[SC_GROUP_C]
2022-04-29 16:07:25.982 [main] WARN  c.a.cloud.nacos.client.NacosPropertySourceBuilder - Ignore the empty nacos configuration and get it based on dataId[sys-auth-config-dev.yaml] & group[SC_GROUP_C]
2022-04-29 16:07:27.833 [main] WARN  org.mybatis.spring.mapper.ClassPathMapperScanner - Skipping MapperFactoryBean with name 'sysAccountMapper' and 'com.itheima.sys.auth.mapper.SysAccountMapper' mapperInterface. Bean already defined with the same name!
2022-04-29 16:07:27.834 [main] WARN  org.mybatis.spring.mapper.ClassPathMapperScanner - Skipping MapperFactoryBean with name 'sysMenuMapper' and 'com.itheima.sys.auth.mapper.SysMenuMapper' mapperInterface. Bean already defined with the same name!
2022-04-29 16:07:27.834 [main] WARN  org.mybatis.spring.mapper.ClassPathMapperScanner - Skipping MapperFactoryBean with name 'sysResourceMapper' and 'com.itheima.sys.auth.mapper.SysResourceMapper' mapperInterface. Bean already defined with the same name!
2022-04-29 16:07:27.834 [main] WARN  org.mybatis.spring.mapper.ClassPathMapperScanner - Skipping MapperFactoryBean with name 'sysRoleMapper' and 'com.itheima.sys.auth.mapper.SysRoleMapper' mapperInterface. Bean already defined with the same name!
2022-04-29 16:07:27.834 [main] WARN  org.mybatis.spring.mapper.ClassPathMapperScanner - Skipping MapperFactoryBean with name 'sysUserMapper' and 'com.itheima.sys.auth.mapper.SysUserMapper' mapperInterface. Bean already defined with the same name!
2022-04-29 16:07:27.835 [main] WARN  org.mybatis.spring.mapper.ClassPathMapperScanner - No MyBatis mapper was found in '[com.itheima.sys.auth.mapper]' package. Please check your configuration.
2022-04-29 16:07:37.511 [main] WARN  com.netflix.config.sources.URLConfigurationSource - No URLs will be polled as dynamic configuration sources.
2022-04-29 16:07:37.521 [main] WARN  com.netflix.config.sources.URLConfigurationSource - No URLs will be polled as dynamic configuration sources.
2022-04-29 16:20:00.166 [main] WARN  c.a.cloud.nacos.client.NacosPropertySourceBuilder - Ignore the empty nacos configuration and get it based on dataId[sys-auth-config] & group[SC_GROUP_C]
2022-04-29 16:20:00.174 [main] WARN  c.a.cloud.nacos.client.NacosPropertySourceBuilder - Ignore the empty nacos configuration and get it based on dataId[sys-auth-config.yaml] & group[SC_GROUP_C]
2022-04-29 16:20:00.184 [main] WARN  c.a.cloud.nacos.client.NacosPropertySourceBuilder - Ignore the empty nacos configuration and get it based on dataId[sys-auth-config-dev.yaml] & group[SC_GROUP_C]
2022-04-29 16:20:02.074 [main] WARN  org.mybatis.spring.mapper.ClassPathMapperScanner - Skipping MapperFactoryBean with name 'sysAccountMapper' and 'com.itheima.sys.auth.mapper.SysAccountMapper' mapperInterface. Bean already defined with the same name!
2022-04-29 16:20:02.075 [main] WARN  org.mybatis.spring.mapper.ClassPathMapperScanner - Skipping MapperFactoryBean with name 'sysMenuMapper' and 'com.itheima.sys.auth.mapper.SysMenuMapper' mapperInterface. Bean already defined with the same name!
2022-04-29 16:20:02.075 [main] WARN  org.mybatis.spring.mapper.ClassPathMapperScanner - Skipping MapperFactoryBean with name 'sysResourceMapper' and 'com.itheima.sys.auth.mapper.SysResourceMapper' mapperInterface. Bean already defined with the same name!
2022-04-29 16:20:02.075 [main] WARN  org.mybatis.spring.mapper.ClassPathMapperScanner - Skipping MapperFactoryBean with name 'sysRoleMapper' and 'com.itheima.sys.auth.mapper.SysRoleMapper' mapperInterface. Bean already defined with the same name!
2022-04-29 16:20:02.075 [main] WARN  org.mybatis.spring.mapper.ClassPathMapperScanner - Skipping MapperFactoryBean with name 'sysUserMapper' and 'com.itheima.sys.auth.mapper.SysUserMapper' mapperInterface. Bean already defined with the same name!
2022-04-29 16:20:02.076 [main] WARN  org.mybatis.spring.mapper.ClassPathMapperScanner - No MyBatis mapper was found in '[com.itheima.sys.auth.mapper]' package. Please check your configuration.
2022-04-29 16:20:11.263 [main] WARN  com.netflix.config.sources.URLConfigurationSource - No URLs will be polled as dynamic configuration sources.
2022-04-29 16:20:11.273 [main] WARN  com.netflix.config.sources.URLConfigurationSource - No URLs will be polled as dynamic configuration sources.
2022-04-29 16:26:36.980 [main] WARN  c.a.cloud.nacos.client.NacosPropertySourceBuilder - Ignore the empty nacos configuration and get it based on dataId[sys-auth-config] & group[SC_GROUP_C]
2022-04-29 16:26:36.988 [main] WARN  c.a.cloud.nacos.client.NacosPropertySourceBuilder - Ignore the empty nacos configuration and get it based on dataId[sys-auth-config.yaml] & group[SC_GROUP_C]
2022-04-29 16:26:36.996 [main] WARN  c.a.cloud.nacos.client.NacosPropertySourceBuilder - Ignore the empty nacos configuration and get it based on dataId[sys-auth-config-dev.yaml] & group[SC_GROUP_C]
2022-04-29 16:26:38.831 [main] WARN  org.mybatis.spring.mapper.ClassPathMapperScanner - Skipping MapperFactoryBean with name 'sysAccountMapper' and 'com.itheima.sys.auth.mapper.SysAccountMapper' mapperInterface. Bean already defined with the same name!
2022-04-29 16:26:38.831 [main] WARN  org.mybatis.spring.mapper.ClassPathMapperScanner - Skipping MapperFactoryBean with name 'sysMenuMapper' and 'com.itheima.sys.auth.mapper.SysMenuMapper' mapperInterface. Bean already defined with the same name!
2022-04-29 16:26:38.832 [main] WARN  org.mybatis.spring.mapper.ClassPathMapperScanner - Skipping MapperFactoryBean with name 'sysResourceMapper' and 'com.itheima.sys.auth.mapper.SysResourceMapper' mapperInterface. Bean already defined with the same name!
2022-04-29 16:26:38.832 [main] WARN  org.mybatis.spring.mapper.ClassPathMapperScanner - Skipping MapperFactoryBean with name 'sysRoleMapper' and 'com.itheima.sys.auth.mapper.SysRoleMapper' mapperInterface. Bean already defined with the same name!
2022-04-29 16:26:38.832 [main] WARN  org.mybatis.spring.mapper.ClassPathMapperScanner - Skipping MapperFactoryBean with name 'sysUserMapper' and 'com.itheima.sys.auth.mapper.SysUserMapper' mapperInterface. Bean already defined with the same name!
2022-04-29 16:26:38.833 [main] WARN  org.mybatis.spring.mapper.ClassPathMapperScanner - No MyBatis mapper was found in '[com.itheima.sys.auth.mapper]' package. Please check your configuration.
2022-04-29 16:26:48.185 [main] WARN  com.netflix.config.sources.URLConfigurationSource - No URLs will be polled as dynamic configuration sources.
2022-04-29 16:26:48.194 [main] WARN  com.netflix.config.sources.URLConfigurationSource - No URLs will be polled as dynamic configuration sources.
2022-04-29 16:27:59.743 [com.alibaba.nacos.naming.beat.sender] WARN  com.alibaba.nacos.client.naming - failed to request http://192.168.237.129:8848/nacos/v1/ns/instance/beat?beat=%7B%22cluster%22%3A%22DEFAULT%22%2C%22ip%22%3A%22192.168.237.1%22%2C%22metadata%22%3A%7B%22preserved.register.source%22%3A%22SPRING_CLOUD%22%7D%2C%22period%22%3A5000%2C%22port%22%3A8200%2C%22scheduled%22%3Afalse%2C%22serviceName%22%3A%22SC_GROUP_S%40%40auth-service%22%2C%22stopped%22%3Afalse%2C%22weight%22%3A1.0%7D&app=unknown&serviceName=SC_GROUP_S%40%40auth-service&encoding=UTF-8&namespaceId=500926bd-3541-4fc0-976d-8a36102a7591 from 192.168.237.129
2022-04-29 16:31:11.759 [HikariPool-1 housekeeper] WARN  com.zaxxer.hikari.pool.HikariPool - HikariPool-1 - Thread starvation or clock leap detected (housekeeper delta=3m9s90ms607µs900ns).
2022-04-29 16:32:12.984 [HikariPool-1 housekeeper] WARN  com.zaxxer.hikari.pool.HikariPool - HikariPool-1 - Thread starvation or clock leap detected (housekeeper delta=1m1s225ms132µs400ns).
2022-04-29 16:38:41.974 [main] WARN  c.a.cloud.nacos.client.NacosPropertySourceBuilder - Ignore the empty nacos configuration and get it based on dataId[sys-auth-config] & group[SC_GROUP_C]
2022-04-29 16:38:41.982 [main] WARN  c.a.cloud.nacos.client.NacosPropertySourceBuilder - Ignore the empty nacos configuration and get it based on dataId[sys-auth-config.yaml] & group[SC_GROUP_C]
2022-04-29 16:38:41.992 [main] WARN  c.a.cloud.nacos.client.NacosPropertySourceBuilder - Ignore the empty nacos configuration and get it based on dataId[sys-auth-config-dev.yaml] & group[SC_GROUP_C]
2022-04-29 16:38:44.550 [main] WARN  org.mybatis.spring.mapper.ClassPathMapperScanner - Skipping MapperFactoryBean with name 'sysAccountMapper' and 'com.itheima.sys.auth.mapper.SysAccountMapper' mapperInterface. Bean already defined with the same name!
2022-04-29 16:38:44.551 [main] WARN  org.mybatis.spring.mapper.ClassPathMapperScanner - Skipping MapperFactoryBean with name 'sysMenuMapper' and 'com.itheima.sys.auth.mapper.SysMenuMapper' mapperInterface. Bean already defined with the same name!
2022-04-29 16:38:44.551 [main] WARN  org.mybatis.spring.mapper.ClassPathMapperScanner - Skipping MapperFactoryBean with name 'sysResourceMapper' and 'com.itheima.sys.auth.mapper.SysResourceMapper' mapperInterface. Bean already defined with the same name!
2022-04-29 16:38:44.551 [main] WARN  org.mybatis.spring.mapper.ClassPathMapperScanner - Skipping MapperFactoryBean with name 'sysRoleMapper' and 'com.itheima.sys.auth.mapper.SysRoleMapper' mapperInterface. Bean already defined with the same name!
2022-04-29 16:38:44.551 [main] WARN  org.mybatis.spring.mapper.ClassPathMapperScanner - Skipping MapperFactoryBean with name 'sysUserMapper' and 'com.itheima.sys.auth.mapper.SysUserMapper' mapperInterface. Bean already defined with the same name!
2022-04-29 16:38:44.552 [main] WARN  org.mybatis.spring.mapper.ClassPathMapperScanner - No MyBatis mapper was found in '[com.itheima.sys.auth.mapper]' package. Please check your configuration.
2022-04-29 16:38:53.695 [main] WARN  com.netflix.config.sources.URLConfigurationSource - No URLs will be polled as dynamic configuration sources.
2022-04-29 16:38:53.704 [main] WARN  com.netflix.config.sources.URLConfigurationSource - No URLs will be polled as dynamic configuration sources.
