2022-04-26 11:55:36.454 [main] DEBUG org.mybatis.spring.mapper.ClassPathMapperScanner - Identified candidate component class: file [D:\study\www\JAVA\git\springcloud\sys\auth\target\classes\com\itheima\sys\auth\mapper\SysAccountMapper.class]
2022-04-26 11:55:36.454 [main] DEBUG org.mybatis.spring.mapper.ClassPathMapperScanner - Identified candidate component class: file [D:\study\www\JAVA\git\springcloud\sys\auth\target\classes\com\itheima\sys\auth\mapper\SysMenuMapper.class]
2022-04-26 11:55:36.455 [main] DEBUG org.mybatis.spring.mapper.ClassPathMapperScanner - Identified candidate component class: file [D:\study\www\JAVA\git\springcloud\sys\auth\target\classes\com\itheima\sys\auth\mapper\SysResourceMapper.class]
2022-04-26 11:55:36.456 [main] DEBUG org.mybatis.spring.mapper.ClassPathMapperScanner - Identified candidate component class: file [D:\study\www\JAVA\git\springcloud\sys\auth\target\classes\com\itheima\sys\auth\mapper\SysRoleMapper.class]
2022-04-26 11:55:36.456 [main] DEBUG org.mybatis.spring.mapper.ClassPathMapperScanner - Identified candidate component class: file [D:\study\www\JAVA\git\springcloud\sys\auth\target\classes\com\itheima\sys\auth\mapper\SysUserMapper.class]
2022-04-26 11:55:36.457 [main] DEBUG org.mybatis.spring.mapper.ClassPathMapperScanner - Creating MapperFactoryBean with name 'sysAccountMapper' and 'com.itheima.sys.auth.mapper.SysAccountMapper' mapperInterface
2022-04-26 11:55:36.457 [main] DEBUG org.mybatis.spring.mapper.ClassPathMapperScanner - Creating MapperFactoryBean with name 'sysMenuMapper' and 'com.itheima.sys.auth.mapper.SysMenuMapper' mapperInterface
2022-04-26 11:55:36.458 [main] DEBUG org.mybatis.spring.mapper.ClassPathMapperScanner - Creating MapperFactoryBean with name 'sysResourceMapper' and 'com.itheima.sys.auth.mapper.SysResourceMapper' mapperInterface
2022-04-26 11:55:36.458 [main] DEBUG org.mybatis.spring.mapper.ClassPathMapperScanner - Creating MapperFactoryBean with name 'sysRoleMapper' and 'com.itheima.sys.auth.mapper.SysRoleMapper' mapperInterface
2022-04-26 11:55:36.458 [main] DEBUG org.mybatis.spring.mapper.ClassPathMapperScanner - Creating MapperFactoryBean with name 'sysUserMapper' and 'com.itheima.sys.auth.mapper.SysUserMapper' mapperInterface
2022-04-26 11:55:36.461 [main] DEBUG org.mybatis.spring.mapper.ClassPathMapperScanner - Identified candidate component class: file [D:\study\www\JAVA\git\springcloud\sys\auth\target\classes\com\itheima\sys\auth\mapper\SysAccountMapper.class]
2022-04-26 11:55:36.461 [main] DEBUG org.mybatis.spring.mapper.ClassPathMapperScanner - Identified candidate component class: file [D:\study\www\JAVA\git\springcloud\sys\auth\target\classes\com\itheima\sys\auth\mapper\SysMenuMapper.class]
2022-04-26 11:55:36.461 [main] DEBUG org.mybatis.spring.mapper.ClassPathMapperScanner - Identified candidate component class: file [D:\study\www\JAVA\git\springcloud\sys\auth\target\classes\com\itheima\sys\auth\mapper\SysResourceMapper.class]
2022-04-26 11:55:36.462 [main] DEBUG org.mybatis.spring.mapper.ClassPathMapperScanner - Identified candidate component class: file [D:\study\www\JAVA\git\springcloud\sys\auth\target\classes\com\itheima\sys\auth\mapper\SysRoleMapper.class]
2022-04-26 11:55:36.462 [main] DEBUG org.mybatis.spring.mapper.ClassPathMapperScanner - Identified candidate component class: file [D:\study\www\JAVA\git\springcloud\sys\auth\target\classes\com\itheima\sys\auth\mapper\SysUserMapper.class]
2022-04-26 12:00:49.359 [main] DEBUG org.mybatis.spring.mapper.ClassPathMapperScanner - Identified candidate component class: file [D:\study\www\JAVA\git\springcloud\sys\auth\target\classes\com\itheima\sys\auth\mapper\SysAccountMapper.class]
2022-04-26 12:00:49.360 [main] DEBUG org.mybatis.spring.mapper.ClassPathMapperScanner - Identified candidate component class: file [D:\study\www\JAVA\git\springcloud\sys\auth\target\classes\com\itheima\sys\auth\mapper\SysMenuMapper.class]
2022-04-26 12:00:49.360 [main] DEBUG org.mybatis.spring.mapper.ClassPathMapperScanner - Identified candidate component class: file [D:\study\www\JAVA\git\springcloud\sys\auth\target\classes\com\itheima\sys\auth\mapper\SysResourceMapper.class]
2022-04-26 12:00:49.360 [main] DEBUG org.mybatis.spring.mapper.ClassPathMapperScanner - Identified candidate component class: file [D:\study\www\JAVA\git\springcloud\sys\auth\target\classes\com\itheima\sys\auth\mapper\SysRoleMapper.class]
2022-04-26 12:00:49.361 [main] DEBUG org.mybatis.spring.mapper.ClassPathMapperScanner - Identified candidate component class: file [D:\study\www\JAVA\git\springcloud\sys\auth\target\classes\com\itheima\sys\auth\mapper\SysUserMapper.class]
2022-04-26 12:00:49.362 [main] DEBUG org.mybatis.spring.mapper.ClassPathMapperScanner - Creating MapperFactoryBean with name 'sysAccountMapper' and 'com.itheima.sys.auth.mapper.SysAccountMapper' mapperInterface
2022-04-26 12:00:49.362 [main] DEBUG org.mybatis.spring.mapper.ClassPathMapperScanner - Creating MapperFactoryBean with name 'sysMenuMapper' and 'com.itheima.sys.auth.mapper.SysMenuMapper' mapperInterface
2022-04-26 12:00:49.363 [main] DEBUG org.mybatis.spring.mapper.ClassPathMapperScanner - Creating MapperFactoryBean with name 'sysResourceMapper' and 'com.itheima.sys.auth.mapper.SysResourceMapper' mapperInterface
2022-04-26 12:00:49.363 [main] DEBUG org.mybatis.spring.mapper.ClassPathMapperScanner - Creating MapperFactoryBean with name 'sysRoleMapper' and 'com.itheima.sys.auth.mapper.SysRoleMapper' mapperInterface
2022-04-26 12:00:49.363 [main] DEBUG org.mybatis.spring.mapper.ClassPathMapperScanner - Creating MapperFactoryBean with name 'sysUserMapper' and 'com.itheima.sys.auth.mapper.SysUserMapper' mapperInterface
2022-04-26 12:00:49.367 [main] DEBUG org.mybatis.spring.mapper.ClassPathMapperScanner - Identified candidate component class: file [D:\study\www\JAVA\git\springcloud\sys\auth\target\classes\com\itheima\sys\auth\mapper\SysAccountMapper.class]
2022-04-26 12:00:49.367 [main] DEBUG org.mybatis.spring.mapper.ClassPathMapperScanner - Identified candidate component class: file [D:\study\www\JAVA\git\springcloud\sys\auth\target\classes\com\itheima\sys\auth\mapper\SysMenuMapper.class]
2022-04-26 12:00:49.367 [main] DEBUG org.mybatis.spring.mapper.ClassPathMapperScanner - Identified candidate component class: file [D:\study\www\JAVA\git\springcloud\sys\auth\target\classes\com\itheima\sys\auth\mapper\SysResourceMapper.class]
2022-04-26 12:00:49.367 [main] DEBUG org.mybatis.spring.mapper.ClassPathMapperScanner - Identified candidate component class: file [D:\study\www\JAVA\git\springcloud\sys\auth\target\classes\com\itheima\sys\auth\mapper\SysRoleMapper.class]
2022-04-26 12:00:49.367 [main] DEBUG org.mybatis.spring.mapper.ClassPathMapperScanner - Identified candidate component class: file [D:\study\www\JAVA\git\springcloud\sys\auth\target\classes\com\itheima\sys\auth\mapper\SysUserMapper.class]
2022-04-26 16:26:00.253 [main] DEBUG org.mybatis.spring.mapper.ClassPathMapperScanner - Identified candidate component class: file [D:\study\www\JAVA\git\springcloud\sys\auth\target\classes\com\itheima\sys\auth\mapper\SysAccountMapper.class]
2022-04-26 16:26:00.254 [main] DEBUG org.mybatis.spring.mapper.ClassPathMapperScanner - Identified candidate component class: file [D:\study\www\JAVA\git\springcloud\sys\auth\target\classes\com\itheima\sys\auth\mapper\SysMenuMapper.class]
2022-04-26 16:26:00.254 [main] DEBUG org.mybatis.spring.mapper.ClassPathMapperScanner - Identified candidate component class: file [D:\study\www\JAVA\git\springcloud\sys\auth\target\classes\com\itheima\sys\auth\mapper\SysResourceMapper.class]
2022-04-26 16:26:00.255 [main] DEBUG org.mybatis.spring.mapper.ClassPathMapperScanner - Identified candidate component class: file [D:\study\www\JAVA\git\springcloud\sys\auth\target\classes\com\itheima\sys\auth\mapper\SysRoleMapper.class]
2022-04-26 16:26:00.255 [main] DEBUG org.mybatis.spring.mapper.ClassPathMapperScanner - Identified candidate component class: file [D:\study\www\JAVA\git\springcloud\sys\auth\target\classes\com\itheima\sys\auth\mapper\SysUserMapper.class]
2022-04-26 16:26:00.256 [main] DEBUG org.mybatis.spring.mapper.ClassPathMapperScanner - Creating MapperFactoryBean with name 'sysAccountMapper' and 'com.itheima.sys.auth.mapper.SysAccountMapper' mapperInterface
2022-04-26 16:26:00.257 [main] DEBUG org.mybatis.spring.mapper.ClassPathMapperScanner - Creating MapperFactoryBean with name 'sysMenuMapper' and 'com.itheima.sys.auth.mapper.SysMenuMapper' mapperInterface
2022-04-26 16:26:00.258 [main] DEBUG org.mybatis.spring.mapper.ClassPathMapperScanner - Creating MapperFactoryBean with name 'sysResourceMapper' and 'com.itheima.sys.auth.mapper.SysResourceMapper' mapperInterface
2022-04-26 16:26:00.258 [main] DEBUG org.mybatis.spring.mapper.ClassPathMapperScanner - Creating MapperFactoryBean with name 'sysRoleMapper' and 'com.itheima.sys.auth.mapper.SysRoleMapper' mapperInterface
2022-04-26 16:26:00.258 [main] DEBUG org.mybatis.spring.mapper.ClassPathMapperScanner - Creating MapperFactoryBean with name 'sysUserMapper' and 'com.itheima.sys.auth.mapper.SysUserMapper' mapperInterface
2022-04-26 16:26:00.263 [main] DEBUG org.mybatis.spring.mapper.ClassPathMapperScanner - Identified candidate component class: file [D:\study\www\JAVA\git\springcloud\sys\auth\target\classes\com\itheima\sys\auth\mapper\SysAccountMapper.class]
2022-04-26 16:26:00.264 [main] DEBUG org.mybatis.spring.mapper.ClassPathMapperScanner - Identified candidate component class: file [D:\study\www\JAVA\git\springcloud\sys\auth\target\classes\com\itheima\sys\auth\mapper\SysMenuMapper.class]
2022-04-26 16:26:00.264 [main] DEBUG org.mybatis.spring.mapper.ClassPathMapperScanner - Identified candidate component class: file [D:\study\www\JAVA\git\springcloud\sys\auth\target\classes\com\itheima\sys\auth\mapper\SysResourceMapper.class]
2022-04-26 16:26:00.265 [main] DEBUG org.mybatis.spring.mapper.ClassPathMapperScanner - Identified candidate component class: file [D:\study\www\JAVA\git\springcloud\sys\auth\target\classes\com\itheima\sys\auth\mapper\SysRoleMapper.class]
2022-04-26 16:26:00.265 [main] DEBUG org.mybatis.spring.mapper.ClassPathMapperScanner - Identified candidate component class: file [D:\study\www\JAVA\git\springcloud\sys\auth\target\classes\com\itheima\sys\auth\mapper\SysUserMapper.class]
