2022-04-29 15:56:51.754 [main] DEBUG org.mybatis.spring.mapper.ClassPathMapperScanner - Identified candidate component class: file [D:\study\www\JAVA\git\springcloud\sys\auth\target\classes\com\itheima\sys\auth\mapper\SysAccountMapper.class]
2022-04-29 15:56:51.882 [main] DEBUG org.mybatis.spring.mapper.ClassPathMapperScanner - Identified candidate component class: file [D:\study\www\JAVA\git\springcloud\sys\auth\target\classes\com\itheima\sys\auth\mapper\SysMenuMapper.class]
2022-04-29 15:56:51.883 [main] DEBUG org.mybatis.spring.mapper.ClassPathMapperScanner - Identified candidate component class: file [D:\study\www\JAVA\git\springcloud\sys\auth\target\classes\com\itheima\sys\auth\mapper\SysResourceMapper.class]
2022-04-29 15:56:51.883 [main] DEBUG org.mybatis.spring.mapper.ClassPathMapperScanner - Identified candidate component class: file [D:\study\www\JAVA\git\springcloud\sys\auth\target\classes\com\itheima\sys\auth\mapper\SysRoleMapper.class]
2022-04-29 15:56:51.884 [main] DEBUG org.mybatis.spring.mapper.ClassPathMapperScanner - Identified candidate component class: file [D:\study\www\JAVA\git\springcloud\sys\auth\target\classes\com\itheima\sys\auth\mapper\SysUserMapper.class]
2022-04-29 15:56:51.885 [main] DEBUG org.mybatis.spring.mapper.ClassPathMapperScanner - Creating MapperFactoryBean with name 'sysAccountMapper' and 'com.itheima.sys.auth.mapper.SysAccountMapper' mapperInterface
2022-04-29 15:56:51.886 [main] DEBUG org.mybatis.spring.mapper.ClassPathMapperScanner - Creating MapperFactoryBean with name 'sysMenuMapper' and 'com.itheima.sys.auth.mapper.SysMenuMapper' mapperInterface
2022-04-29 15:56:51.886 [main] DEBUG org.mybatis.spring.mapper.ClassPathMapperScanner - Creating MapperFactoryBean with name 'sysResourceMapper' and 'com.itheima.sys.auth.mapper.SysResourceMapper' mapperInterface
2022-04-29 15:56:51.886 [main] DEBUG org.mybatis.spring.mapper.ClassPathMapperScanner - Creating MapperFactoryBean with name 'sysRoleMapper' and 'com.itheima.sys.auth.mapper.SysRoleMapper' mapperInterface
2022-04-29 15:56:51.886 [main] DEBUG org.mybatis.spring.mapper.ClassPathMapperScanner - Creating MapperFactoryBean with name 'sysUserMapper' and 'com.itheima.sys.auth.mapper.SysUserMapper' mapperInterface
2022-04-29 15:56:51.890 [main] DEBUG org.mybatis.spring.mapper.ClassPathMapperScanner - Identified candidate component class: file [D:\study\www\JAVA\git\springcloud\sys\auth\target\classes\com\itheima\sys\auth\mapper\SysAccountMapper.class]
2022-04-29 15:56:51.891 [main] DEBUG org.mybatis.spring.mapper.ClassPathMapperScanner - Identified candidate component class: file [D:\study\www\JAVA\git\springcloud\sys\auth\target\classes\com\itheima\sys\auth\mapper\SysMenuMapper.class]
2022-04-29 15:56:51.892 [main] DEBUG org.mybatis.spring.mapper.ClassPathMapperScanner - Identified candidate component class: file [D:\study\www\JAVA\git\springcloud\sys\auth\target\classes\com\itheima\sys\auth\mapper\SysResourceMapper.class]
2022-04-29 15:56:51.893 [main] DEBUG org.mybatis.spring.mapper.ClassPathMapperScanner - Identified candidate component class: file [D:\study\www\JAVA\git\springcloud\sys\auth\target\classes\com\itheima\sys\auth\mapper\SysRoleMapper.class]
2022-04-29 15:56:51.893 [main] DEBUG org.mybatis.spring.mapper.ClassPathMapperScanner - Identified candidate component class: file [D:\study\www\JAVA\git\springcloud\sys\auth\target\classes\com\itheima\sys\auth\mapper\SysUserMapper.class]
2022-04-29 16:03:59.246 [main] DEBUG org.mybatis.spring.mapper.ClassPathMapperScanner - Identified candidate component class: file [D:\study\www\JAVA\git\springcloud\sys\auth\target\classes\com\itheima\sys\auth\mapper\SysAccountMapper.class]
2022-04-29 16:03:59.247 [main] DEBUG org.mybatis.spring.mapper.ClassPathMapperScanner - Identified candidate component class: file [D:\study\www\JAVA\git\springcloud\sys\auth\target\classes\com\itheima\sys\auth\mapper\SysMenuMapper.class]
2022-04-29 16:03:59.247 [main] DEBUG org.mybatis.spring.mapper.ClassPathMapperScanner - Identified candidate component class: file [D:\study\www\JAVA\git\springcloud\sys\auth\target\classes\com\itheima\sys\auth\mapper\SysResourceMapper.class]
2022-04-29 16:03:59.247 [main] DEBUG org.mybatis.spring.mapper.ClassPathMapperScanner - Identified candidate component class: file [D:\study\www\JAVA\git\springcloud\sys\auth\target\classes\com\itheima\sys\auth\mapper\SysRoleMapper.class]
2022-04-29 16:03:59.247 [main] DEBUG org.mybatis.spring.mapper.ClassPathMapperScanner - Identified candidate component class: file [D:\study\www\JAVA\git\springcloud\sys\auth\target\classes\com\itheima\sys\auth\mapper\SysUserMapper.class]
2022-04-29 16:03:59.249 [main] DEBUG org.mybatis.spring.mapper.ClassPathMapperScanner - Creating MapperFactoryBean with name 'sysAccountMapper' and 'com.itheima.sys.auth.mapper.SysAccountMapper' mapperInterface
2022-04-29 16:03:59.249 [main] DEBUG org.mybatis.spring.mapper.ClassPathMapperScanner - Creating MapperFactoryBean with name 'sysMenuMapper' and 'com.itheima.sys.auth.mapper.SysMenuMapper' mapperInterface
2022-04-29 16:03:59.249 [main] DEBUG org.mybatis.spring.mapper.ClassPathMapperScanner - Creating MapperFactoryBean with name 'sysResourceMapper' and 'com.itheima.sys.auth.mapper.SysResourceMapper' mapperInterface
2022-04-29 16:03:59.250 [main] DEBUG org.mybatis.spring.mapper.ClassPathMapperScanner - Creating MapperFactoryBean with name 'sysRoleMapper' and 'com.itheima.sys.auth.mapper.SysRoleMapper' mapperInterface
2022-04-29 16:03:59.250 [main] DEBUG org.mybatis.spring.mapper.ClassPathMapperScanner - Creating MapperFactoryBean with name 'sysUserMapper' and 'com.itheima.sys.auth.mapper.SysUserMapper' mapperInterface
2022-04-29 16:03:59.254 [main] DEBUG org.mybatis.spring.mapper.ClassPathMapperScanner - Identified candidate component class: file [D:\study\www\JAVA\git\springcloud\sys\auth\target\classes\com\itheima\sys\auth\mapper\SysAccountMapper.class]
2022-04-29 16:03:59.254 [main] DEBUG org.mybatis.spring.mapper.ClassPathMapperScanner - Identified candidate component class: file [D:\study\www\JAVA\git\springcloud\sys\auth\target\classes\com\itheima\sys\auth\mapper\SysMenuMapper.class]
2022-04-29 16:03:59.255 [main] DEBUG org.mybatis.spring.mapper.ClassPathMapperScanner - Identified candidate component class: file [D:\study\www\JAVA\git\springcloud\sys\auth\target\classes\com\itheima\sys\auth\mapper\SysResourceMapper.class]
2022-04-29 16:03:59.255 [main] DEBUG org.mybatis.spring.mapper.ClassPathMapperScanner - Identified candidate component class: file [D:\study\www\JAVA\git\springcloud\sys\auth\target\classes\com\itheima\sys\auth\mapper\SysRoleMapper.class]
2022-04-29 16:03:59.255 [main] DEBUG org.mybatis.spring.mapper.ClassPathMapperScanner - Identified candidate component class: file [D:\study\www\JAVA\git\springcloud\sys\auth\target\classes\com\itheima\sys\auth\mapper\SysUserMapper.class]
2022-04-29 16:07:27.822 [main] DEBUG org.mybatis.spring.mapper.ClassPathMapperScanner - Identified candidate component class: file [D:\study\www\JAVA\git\springcloud\sys\auth\target\classes\com\itheima\sys\auth\mapper\SysAccountMapper.class]
2022-04-29 16:07:27.823 [main] DEBUG org.mybatis.spring.mapper.ClassPathMapperScanner - Identified candidate component class: file [D:\study\www\JAVA\git\springcloud\sys\auth\target\classes\com\itheima\sys\auth\mapper\SysMenuMapper.class]
2022-04-29 16:07:27.823 [main] DEBUG org.mybatis.spring.mapper.ClassPathMapperScanner - Identified candidate component class: file [D:\study\www\JAVA\git\springcloud\sys\auth\target\classes\com\itheima\sys\auth\mapper\SysResourceMapper.class]
2022-04-29 16:07:27.823 [main] DEBUG org.mybatis.spring.mapper.ClassPathMapperScanner - Identified candidate component class: file [D:\study\www\JAVA\git\springcloud\sys\auth\target\classes\com\itheima\sys\auth\mapper\SysRoleMapper.class]
2022-04-29 16:07:27.824 [main] DEBUG org.mybatis.spring.mapper.ClassPathMapperScanner - Identified candidate component class: file [D:\study\www\JAVA\git\springcloud\sys\auth\target\classes\com\itheima\sys\auth\mapper\SysUserMapper.class]
2022-04-29 16:07:27.825 [main] DEBUG org.mybatis.spring.mapper.ClassPathMapperScanner - Creating MapperFactoryBean with name 'sysAccountMapper' and 'com.itheima.sys.auth.mapper.SysAccountMapper' mapperInterface
2022-04-29 16:07:27.826 [main] DEBUG org.mybatis.spring.mapper.ClassPathMapperScanner - Creating MapperFactoryBean with name 'sysMenuMapper' and 'com.itheima.sys.auth.mapper.SysMenuMapper' mapperInterface
2022-04-29 16:07:27.826 [main] DEBUG org.mybatis.spring.mapper.ClassPathMapperScanner - Creating MapperFactoryBean with name 'sysResourceMapper' and 'com.itheima.sys.auth.mapper.SysResourceMapper' mapperInterface
2022-04-29 16:07:27.826 [main] DEBUG org.mybatis.spring.mapper.ClassPathMapperScanner - Creating MapperFactoryBean with name 'sysRoleMapper' and 'com.itheima.sys.auth.mapper.SysRoleMapper' mapperInterface
2022-04-29 16:07:27.826 [main] DEBUG org.mybatis.spring.mapper.ClassPathMapperScanner - Creating MapperFactoryBean with name 'sysUserMapper' and 'com.itheima.sys.auth.mapper.SysUserMapper' mapperInterface
2022-04-29 16:07:27.831 [main] DEBUG org.mybatis.spring.mapper.ClassPathMapperScanner - Identified candidate component class: file [D:\study\www\JAVA\git\springcloud\sys\auth\target\classes\com\itheima\sys\auth\mapper\SysAccountMapper.class]
2022-04-29 16:07:27.831 [main] DEBUG org.mybatis.spring.mapper.ClassPathMapperScanner - Identified candidate component class: file [D:\study\www\JAVA\git\springcloud\sys\auth\target\classes\com\itheima\sys\auth\mapper\SysMenuMapper.class]
2022-04-29 16:07:27.831 [main] DEBUG org.mybatis.spring.mapper.ClassPathMapperScanner - Identified candidate component class: file [D:\study\www\JAVA\git\springcloud\sys\auth\target\classes\com\itheima\sys\auth\mapper\SysResourceMapper.class]
2022-04-29 16:07:27.832 [main] DEBUG org.mybatis.spring.mapper.ClassPathMapperScanner - Identified candidate component class: file [D:\study\www\JAVA\git\springcloud\sys\auth\target\classes\com\itheima\sys\auth\mapper\SysRoleMapper.class]
2022-04-29 16:07:27.832 [main] DEBUG org.mybatis.spring.mapper.ClassPathMapperScanner - Identified candidate component class: file [D:\study\www\JAVA\git\springcloud\sys\auth\target\classes\com\itheima\sys\auth\mapper\SysUserMapper.class]
2022-04-29 16:20:02.062 [main] DEBUG org.mybatis.spring.mapper.ClassPathMapperScanner - Identified candidate component class: file [D:\study\www\JAVA\git\springcloud\sys\auth\target\classes\com\itheima\sys\auth\mapper\SysAccountMapper.class]
2022-04-29 16:20:02.063 [main] DEBUG org.mybatis.spring.mapper.ClassPathMapperScanner - Identified candidate component class: file [D:\study\www\JAVA\git\springcloud\sys\auth\target\classes\com\itheima\sys\auth\mapper\SysMenuMapper.class]
2022-04-29 16:20:02.063 [main] DEBUG org.mybatis.spring.mapper.ClassPathMapperScanner - Identified candidate component class: file [D:\study\www\JAVA\git\springcloud\sys\auth\target\classes\com\itheima\sys\auth\mapper\SysResourceMapper.class]
2022-04-29 16:20:02.063 [main] DEBUG org.mybatis.spring.mapper.ClassPathMapperScanner - Identified candidate component class: file [D:\study\www\JAVA\git\springcloud\sys\auth\target\classes\com\itheima\sys\auth\mapper\SysRoleMapper.class]
2022-04-29 16:20:02.064 [main] DEBUG org.mybatis.spring.mapper.ClassPathMapperScanner - Identified candidate component class: file [D:\study\www\JAVA\git\springcloud\sys\auth\target\classes\com\itheima\sys\auth\mapper\SysUserMapper.class]
2022-04-29 16:20:02.065 [main] DEBUG org.mybatis.spring.mapper.ClassPathMapperScanner - Creating MapperFactoryBean with name 'sysAccountMapper' and 'com.itheima.sys.auth.mapper.SysAccountMapper' mapperInterface
2022-04-29 16:20:02.066 [main] DEBUG org.mybatis.spring.mapper.ClassPathMapperScanner - Creating MapperFactoryBean with name 'sysMenuMapper' and 'com.itheima.sys.auth.mapper.SysMenuMapper' mapperInterface
2022-04-29 16:20:02.066 [main] DEBUG org.mybatis.spring.mapper.ClassPathMapperScanner - Creating MapperFactoryBean with name 'sysResourceMapper' and 'com.itheima.sys.auth.mapper.SysResourceMapper' mapperInterface
2022-04-29 16:20:02.066 [main] DEBUG org.mybatis.spring.mapper.ClassPathMapperScanner - Creating MapperFactoryBean with name 'sysRoleMapper' and 'com.itheima.sys.auth.mapper.SysRoleMapper' mapperInterface
2022-04-29 16:20:02.067 [main] DEBUG org.mybatis.spring.mapper.ClassPathMapperScanner - Creating MapperFactoryBean with name 'sysUserMapper' and 'com.itheima.sys.auth.mapper.SysUserMapper' mapperInterface
2022-04-29 16:20:02.071 [main] DEBUG org.mybatis.spring.mapper.ClassPathMapperScanner - Identified candidate component class: file [D:\study\www\JAVA\git\springcloud\sys\auth\target\classes\com\itheima\sys\auth\mapper\SysAccountMapper.class]
2022-04-29 16:20:02.071 [main] DEBUG org.mybatis.spring.mapper.ClassPathMapperScanner - Identified candidate component class: file [D:\study\www\JAVA\git\springcloud\sys\auth\target\classes\com\itheima\sys\auth\mapper\SysMenuMapper.class]
2022-04-29 16:20:02.072 [main] DEBUG org.mybatis.spring.mapper.ClassPathMapperScanner - Identified candidate component class: file [D:\study\www\JAVA\git\springcloud\sys\auth\target\classes\com\itheima\sys\auth\mapper\SysResourceMapper.class]
2022-04-29 16:20:02.072 [main] DEBUG org.mybatis.spring.mapper.ClassPathMapperScanner - Identified candidate component class: file [D:\study\www\JAVA\git\springcloud\sys\auth\target\classes\com\itheima\sys\auth\mapper\SysRoleMapper.class]
2022-04-29 16:20:02.073 [main] DEBUG org.mybatis.spring.mapper.ClassPathMapperScanner - Identified candidate component class: file [D:\study\www\JAVA\git\springcloud\sys\auth\target\classes\com\itheima\sys\auth\mapper\SysUserMapper.class]
2022-04-29 16:26:38.820 [main] DEBUG org.mybatis.spring.mapper.ClassPathMapperScanner - Identified candidate component class: file [D:\study\www\JAVA\git\springcloud\sys\auth\target\classes\com\itheima\sys\auth\mapper\SysAccountMapper.class]
2022-04-29 16:26:38.821 [main] DEBUG org.mybatis.spring.mapper.ClassPathMapperScanner - Identified candidate component class: file [D:\study\www\JAVA\git\springcloud\sys\auth\target\classes\com\itheima\sys\auth\mapper\SysMenuMapper.class]
2022-04-29 16:26:38.821 [main] DEBUG org.mybatis.spring.mapper.ClassPathMapperScanner - Identified candidate component class: file [D:\study\www\JAVA\git\springcloud\sys\auth\target\classes\com\itheima\sys\auth\mapper\SysResourceMapper.class]
2022-04-29 16:26:38.822 [main] DEBUG org.mybatis.spring.mapper.ClassPathMapperScanner - Identified candidate component class: file [D:\study\www\JAVA\git\springcloud\sys\auth\target\classes\com\itheima\sys\auth\mapper\SysRoleMapper.class]
2022-04-29 16:26:38.822 [main] DEBUG org.mybatis.spring.mapper.ClassPathMapperScanner - Identified candidate component class: file [D:\study\www\JAVA\git\springcloud\sys\auth\target\classes\com\itheima\sys\auth\mapper\SysUserMapper.class]
2022-04-29 16:26:38.823 [main] DEBUG org.mybatis.spring.mapper.ClassPathMapperScanner - Creating MapperFactoryBean with name 'sysAccountMapper' and 'com.itheima.sys.auth.mapper.SysAccountMapper' mapperInterface
2022-04-29 16:26:38.824 [main] DEBUG org.mybatis.spring.mapper.ClassPathMapperScanner - Creating MapperFactoryBean with name 'sysMenuMapper' and 'com.itheima.sys.auth.mapper.SysMenuMapper' mapperInterface
2022-04-29 16:26:38.824 [main] DEBUG org.mybatis.spring.mapper.ClassPathMapperScanner - Creating MapperFactoryBean with name 'sysResourceMapper' and 'com.itheima.sys.auth.mapper.SysResourceMapper' mapperInterface
2022-04-29 16:26:38.824 [main] DEBUG org.mybatis.spring.mapper.ClassPathMapperScanner - Creating MapperFactoryBean with name 'sysRoleMapper' and 'com.itheima.sys.auth.mapper.SysRoleMapper' mapperInterface
2022-04-29 16:26:38.824 [main] DEBUG org.mybatis.spring.mapper.ClassPathMapperScanner - Creating MapperFactoryBean with name 'sysUserMapper' and 'com.itheima.sys.auth.mapper.SysUserMapper' mapperInterface
2022-04-29 16:26:38.828 [main] DEBUG org.mybatis.spring.mapper.ClassPathMapperScanner - Identified candidate component class: file [D:\study\www\JAVA\git\springcloud\sys\auth\target\classes\com\itheima\sys\auth\mapper\SysAccountMapper.class]
2022-04-29 16:26:38.829 [main] DEBUG org.mybatis.spring.mapper.ClassPathMapperScanner - Identified candidate component class: file [D:\study\www\JAVA\git\springcloud\sys\auth\target\classes\com\itheima\sys\auth\mapper\SysMenuMapper.class]
2022-04-29 16:26:38.829 [main] DEBUG org.mybatis.spring.mapper.ClassPathMapperScanner - Identified candidate component class: file [D:\study\www\JAVA\git\springcloud\sys\auth\target\classes\com\itheima\sys\auth\mapper\SysResourceMapper.class]
2022-04-29 16:26:38.830 [main] DEBUG org.mybatis.spring.mapper.ClassPathMapperScanner - Identified candidate component class: file [D:\study\www\JAVA\git\springcloud\sys\auth\target\classes\com\itheima\sys\auth\mapper\SysRoleMapper.class]
2022-04-29 16:26:38.830 [main] DEBUG org.mybatis.spring.mapper.ClassPathMapperScanner - Identified candidate component class: file [D:\study\www\JAVA\git\springcloud\sys\auth\target\classes\com\itheima\sys\auth\mapper\SysUserMapper.class]
2022-04-29 16:38:44.540 [main] DEBUG org.mybatis.spring.mapper.ClassPathMapperScanner - Identified candidate component class: file [D:\study\www\JAVA\git\springcloud\sys\auth\target\classes\com\itheima\sys\auth\mapper\SysAccountMapper.class]
2022-04-29 16:38:44.541 [main] DEBUG org.mybatis.spring.mapper.ClassPathMapperScanner - Identified candidate component class: file [D:\study\www\JAVA\git\springcloud\sys\auth\target\classes\com\itheima\sys\auth\mapper\SysMenuMapper.class]
2022-04-29 16:38:44.541 [main] DEBUG org.mybatis.spring.mapper.ClassPathMapperScanner - Identified candidate component class: file [D:\study\www\JAVA\git\springcloud\sys\auth\target\classes\com\itheima\sys\auth\mapper\SysResourceMapper.class]
2022-04-29 16:38:44.541 [main] DEBUG org.mybatis.spring.mapper.ClassPathMapperScanner - Identified candidate component class: file [D:\study\www\JAVA\git\springcloud\sys\auth\target\classes\com\itheima\sys\auth\mapper\SysRoleMapper.class]
2022-04-29 16:38:44.542 [main] DEBUG org.mybatis.spring.mapper.ClassPathMapperScanner - Identified candidate component class: file [D:\study\www\JAVA\git\springcloud\sys\auth\target\classes\com\itheima\sys\auth\mapper\SysUserMapper.class]
2022-04-29 16:38:44.543 [main] DEBUG org.mybatis.spring.mapper.ClassPathMapperScanner - Creating MapperFactoryBean with name 'sysAccountMapper' and 'com.itheima.sys.auth.mapper.SysAccountMapper' mapperInterface
2022-04-29 16:38:44.543 [main] DEBUG org.mybatis.spring.mapper.ClassPathMapperScanner - Creating MapperFactoryBean with name 'sysMenuMapper' and 'com.itheima.sys.auth.mapper.SysMenuMapper' mapperInterface
2022-04-29 16:38:44.544 [main] DEBUG org.mybatis.spring.mapper.ClassPathMapperScanner - Creating MapperFactoryBean with name 'sysResourceMapper' and 'com.itheima.sys.auth.mapper.SysResourceMapper' mapperInterface
2022-04-29 16:38:44.544 [main] DEBUG org.mybatis.spring.mapper.ClassPathMapperScanner - Creating MapperFactoryBean with name 'sysRoleMapper' and 'com.itheima.sys.auth.mapper.SysRoleMapper' mapperInterface
2022-04-29 16:38:44.544 [main] DEBUG org.mybatis.spring.mapper.ClassPathMapperScanner - Creating MapperFactoryBean with name 'sysUserMapper' and 'com.itheima.sys.auth.mapper.SysUserMapper' mapperInterface
2022-04-29 16:38:44.548 [main] DEBUG org.mybatis.spring.mapper.ClassPathMapperScanner - Identified candidate component class: file [D:\study\www\JAVA\git\springcloud\sys\auth\target\classes\com\itheima\sys\auth\mapper\SysAccountMapper.class]
2022-04-29 16:38:44.548 [main] DEBUG org.mybatis.spring.mapper.ClassPathMapperScanner - Identified candidate component class: file [D:\study\www\JAVA\git\springcloud\sys\auth\target\classes\com\itheima\sys\auth\mapper\SysMenuMapper.class]
2022-04-29 16:38:44.549 [main] DEBUG org.mybatis.spring.mapper.ClassPathMapperScanner - Identified candidate component class: file [D:\study\www\JAVA\git\springcloud\sys\auth\target\classes\com\itheima\sys\auth\mapper\SysResourceMapper.class]
2022-04-29 16:38:44.549 [main] DEBUG org.mybatis.spring.mapper.ClassPathMapperScanner - Identified candidate component class: file [D:\study\www\JAVA\git\springcloud\sys\auth\target\classes\com\itheima\sys\auth\mapper\SysRoleMapper.class]
2022-04-29 16:38:44.549 [main] DEBUG org.mybatis.spring.mapper.ClassPathMapperScanner - Identified candidate component class: file [D:\study\www\JAVA\git\springcloud\sys\auth\target\classes\com\itheima\sys\auth\mapper\SysUserMapper.class]
