2022-04-26 11:55:34.500 [main] WARN  c.a.cloud.nacos.client.NacosPropertySourceBuilder - Ignore the empty nacos configuration and get it based on dataId[sys-auth-config] & group[SC_GROUP_C]
2022-04-26 11:55:34.508 [main] WARN  c.a.cloud.nacos.client.NacosPropertySourceBuilder - Ignore the empty nacos configuration and get it based on dataId[sys-auth-config.yaml] & group[SC_GROUP_C]
2022-04-26 11:55:34.516 [main] WARN  c.a.cloud.nacos.client.NacosPropertySourceBuilder - Ignore the empty nacos configuration and get it based on dataId[sys-auth-config-dev.yaml] & group[SC_GROUP_C]
2022-04-26 11:55:36.463 [main] WARN  org.mybatis.spring.mapper.ClassPathMapperScanner - Skipping MapperFactoryBean with name 'sysAccountMapper' and 'com.itheima.sys.auth.mapper.SysAccountMapper' mapperInterface. Bean already defined with the same name!
2022-04-26 11:55:36.464 [main] WARN  org.mybatis.spring.mapper.ClassPathMapperScanner - Skipping MapperFactoryBean with name 'sysMenuMapper' and 'com.itheima.sys.auth.mapper.SysMenuMapper' mapperInterface. Bean already defined with the same name!
2022-04-26 11:55:36.464 [main] WARN  org.mybatis.spring.mapper.ClassPathMapperScanner - Skipping MapperFactoryBean with name 'sysResourceMapper' and 'com.itheima.sys.auth.mapper.SysResourceMapper' mapperInterface. Bean already defined with the same name!
2022-04-26 11:55:36.464 [main] WARN  org.mybatis.spring.mapper.ClassPathMapperScanner - Skipping MapperFactoryBean with name 'sysRoleMapper' and 'com.itheima.sys.auth.mapper.SysRoleMapper' mapperInterface. Bean already defined with the same name!
2022-04-26 11:55:36.465 [main] WARN  org.mybatis.spring.mapper.ClassPathMapperScanner - Skipping MapperFactoryBean with name 'sysUserMapper' and 'com.itheima.sys.auth.mapper.SysUserMapper' mapperInterface. Bean already defined with the same name!
2022-04-26 11:55:36.466 [main] WARN  org.mybatis.spring.mapper.ClassPathMapperScanner - No MyBatis mapper was found in '[com.itheima.sys.auth.mapper]' package. Please check your configuration.
2022-04-26 11:55:46.114 [main] WARN  com.netflix.config.sources.URLConfigurationSource - No URLs will be polled as dynamic configuration sources.
2022-04-26 11:55:46.122 [main] WARN  com.netflix.config.sources.URLConfigurationSource - No URLs will be polled as dynamic configuration sources.
2022-04-26 12:00:47.577 [main] WARN  c.a.cloud.nacos.client.NacosPropertySourceBuilder - Ignore the empty nacos configuration and get it based on dataId[sys-auth-config] & group[SC_GROUP_C]
2022-04-26 12:00:47.584 [main] WARN  c.a.cloud.nacos.client.NacosPropertySourceBuilder - Ignore the empty nacos configuration and get it based on dataId[sys-auth-config.yaml] & group[SC_GROUP_C]
2022-04-26 12:00:47.591 [main] WARN  c.a.cloud.nacos.client.NacosPropertySourceBuilder - Ignore the empty nacos configuration and get it based on dataId[sys-auth-config-dev.yaml] & group[SC_GROUP_C]
2022-04-26 12:00:49.369 [main] WARN  org.mybatis.spring.mapper.ClassPathMapperScanner - Skipping MapperFactoryBean with name 'sysAccountMapper' and 'com.itheima.sys.auth.mapper.SysAccountMapper' mapperInterface. Bean already defined with the same name!
2022-04-26 12:00:49.369 [main] WARN  org.mybatis.spring.mapper.ClassPathMapperScanner - Skipping MapperFactoryBean with name 'sysMenuMapper' and 'com.itheima.sys.auth.mapper.SysMenuMapper' mapperInterface. Bean already defined with the same name!
2022-04-26 12:00:49.369 [main] WARN  org.mybatis.spring.mapper.ClassPathMapperScanner - Skipping MapperFactoryBean with name 'sysResourceMapper' and 'com.itheima.sys.auth.mapper.SysResourceMapper' mapperInterface. Bean already defined with the same name!
2022-04-26 12:00:49.369 [main] WARN  org.mybatis.spring.mapper.ClassPathMapperScanner - Skipping MapperFactoryBean with name 'sysRoleMapper' and 'com.itheima.sys.auth.mapper.SysRoleMapper' mapperInterface. Bean already defined with the same name!
2022-04-26 12:00:49.370 [main] WARN  org.mybatis.spring.mapper.ClassPathMapperScanner - Skipping MapperFactoryBean with name 'sysUserMapper' and 'com.itheima.sys.auth.mapper.SysUserMapper' mapperInterface. Bean already defined with the same name!
2022-04-26 12:00:49.371 [main] WARN  org.mybatis.spring.mapper.ClassPathMapperScanner - No MyBatis mapper was found in '[com.itheima.sys.auth.mapper]' package. Please check your configuration.
2022-04-26 12:00:58.639 [main] WARN  com.netflix.config.sources.URLConfigurationSource - No URLs will be polled as dynamic configuration sources.
2022-04-26 12:00:58.648 [main] WARN  com.netflix.config.sources.URLConfigurationSource - No URLs will be polled as dynamic configuration sources.
2022-04-26 16:25:57.972 [main] WARN  c.a.cloud.nacos.client.NacosPropertySourceBuilder - Ignore the empty nacos configuration and get it based on dataId[sys-auth-config] & group[SC_GROUP_C]
2022-04-26 16:25:57.980 [main] WARN  c.a.cloud.nacos.client.NacosPropertySourceBuilder - Ignore the empty nacos configuration and get it based on dataId[sys-auth-config.yaml] & group[SC_GROUP_C]
2022-04-26 16:25:57.987 [main] WARN  c.a.cloud.nacos.client.NacosPropertySourceBuilder - Ignore the empty nacos configuration and get it based on dataId[sys-auth-config-dev.yaml] & group[SC_GROUP_C]
2022-04-26 16:26:00.266 [main] WARN  org.mybatis.spring.mapper.ClassPathMapperScanner - Skipping MapperFactoryBean with name 'sysAccountMapper' and 'com.itheima.sys.auth.mapper.SysAccountMapper' mapperInterface. Bean already defined with the same name!
2022-04-26 16:26:00.267 [main] WARN  org.mybatis.spring.mapper.ClassPathMapperScanner - Skipping MapperFactoryBean with name 'sysMenuMapper' and 'com.itheima.sys.auth.mapper.SysMenuMapper' mapperInterface. Bean already defined with the same name!
2022-04-26 16:26:00.267 [main] WARN  org.mybatis.spring.mapper.ClassPathMapperScanner - Skipping MapperFactoryBean with name 'sysResourceMapper' and 'com.itheima.sys.auth.mapper.SysResourceMapper' mapperInterface. Bean already defined with the same name!
2022-04-26 16:26:00.268 [main] WARN  org.mybatis.spring.mapper.ClassPathMapperScanner - Skipping MapperFactoryBean with name 'sysRoleMapper' and 'com.itheima.sys.auth.mapper.SysRoleMapper' mapperInterface. Bean already defined with the same name!
2022-04-26 16:26:00.268 [main] WARN  org.mybatis.spring.mapper.ClassPathMapperScanner - Skipping MapperFactoryBean with name 'sysUserMapper' and 'com.itheima.sys.auth.mapper.SysUserMapper' mapperInterface. Bean already defined with the same name!
2022-04-26 16:26:00.269 [main] WARN  org.mybatis.spring.mapper.ClassPathMapperScanner - No MyBatis mapper was found in '[com.itheima.sys.auth.mapper]' package. Please check your configuration.
2022-04-26 16:26:10.926 [main] WARN  com.netflix.config.sources.URLConfigurationSource - No URLs will be polled as dynamic configuration sources.
2022-04-26 16:26:10.935 [main] WARN  com.netflix.config.sources.URLConfigurationSource - No URLs will be polled as dynamic configuration sources.
