2022-04-27 17:48:56.237 [main] DEBUG org.mybatis.spring.mapper.ClassPathMapperScanner - Identified candidate component class: file [D:\study\www\JAVA\git\springcloud\sys\auth\target\classes\com\itheima\sys\auth\mapper\SysAccountMapper.class]
2022-04-27 17:48:56.240 [main] DEBUG org.mybatis.spring.mapper.ClassPathMapperScanner - Identified candidate component class: file [D:\study\www\JAVA\git\springcloud\sys\auth\target\classes\com\itheima\sys\auth\mapper\SysMenuMapper.class]
2022-04-27 17:48:56.241 [main] DEBUG org.mybatis.spring.mapper.ClassPathMapperScanner - Identified candidate component class: file [D:\study\www\JAVA\git\springcloud\sys\auth\target\classes\com\itheima\sys\auth\mapper\SysResourceMapper.class]
2022-04-27 17:48:56.242 [main] DEBUG org.mybatis.spring.mapper.ClassPathMapperScanner - Identified candidate component class: file [D:\study\www\JAVA\git\springcloud\sys\auth\target\classes\com\itheima\sys\auth\mapper\SysRoleMapper.class]
2022-04-27 17:48:56.242 [main] DEBUG org.mybatis.spring.mapper.ClassPathMapperScanner - Identified candidate component class: file [D:\study\www\JAVA\git\springcloud\sys\auth\target\classes\com\itheima\sys\auth\mapper\SysUserMapper.class]
2022-04-27 17:48:56.243 [main] DEBUG org.mybatis.spring.mapper.ClassPathMapperScanner - Creating MapperFactoryBean with name 'sysAccountMapper' and 'com.itheima.sys.auth.mapper.SysAccountMapper' mapperInterface
2022-04-27 17:48:56.244 [main] DEBUG org.mybatis.spring.mapper.ClassPathMapperScanner - Creating MapperFactoryBean with name 'sysMenuMapper' and 'com.itheima.sys.auth.mapper.SysMenuMapper' mapperInterface
2022-04-27 17:48:56.244 [main] DEBUG org.mybatis.spring.mapper.ClassPathMapperScanner - Creating MapperFactoryBean with name 'sysResourceMapper' and 'com.itheima.sys.auth.mapper.SysResourceMapper' mapperInterface
2022-04-27 17:48:56.245 [main] DEBUG org.mybatis.spring.mapper.ClassPathMapperScanner - Creating MapperFactoryBean with name 'sysRoleMapper' and 'com.itheima.sys.auth.mapper.SysRoleMapper' mapperInterface
2022-04-27 17:48:56.246 [main] DEBUG org.mybatis.spring.mapper.ClassPathMapperScanner - Creating MapperFactoryBean with name 'sysUserMapper' and 'com.itheima.sys.auth.mapper.SysUserMapper' mapperInterface
2022-04-27 17:48:56.250 [main] DEBUG org.mybatis.spring.mapper.ClassPathMapperScanner - Identified candidate component class: file [D:\study\www\JAVA\git\springcloud\sys\auth\target\classes\com\itheima\sys\auth\mapper\SysAccountMapper.class]
2022-04-27 17:48:56.250 [main] DEBUG org.mybatis.spring.mapper.ClassPathMapperScanner - Identified candidate component class: file [D:\study\www\JAVA\git\springcloud\sys\auth\target\classes\com\itheima\sys\auth\mapper\SysMenuMapper.class]
2022-04-27 17:48:56.250 [main] DEBUG org.mybatis.spring.mapper.ClassPathMapperScanner - Identified candidate component class: file [D:\study\www\JAVA\git\springcloud\sys\auth\target\classes\com\itheima\sys\auth\mapper\SysResourceMapper.class]
2022-04-27 17:48:56.251 [main] DEBUG org.mybatis.spring.mapper.ClassPathMapperScanner - Identified candidate component class: file [D:\study\www\JAVA\git\springcloud\sys\auth\target\classes\com\itheima\sys\auth\mapper\SysRoleMapper.class]
2022-04-27 17:48:56.251 [main] DEBUG org.mybatis.spring.mapper.ClassPathMapperScanner - Identified candidate component class: file [D:\study\www\JAVA\git\springcloud\sys\auth\target\classes\com\itheima\sys\auth\mapper\SysUserMapper.class]
2022-04-27 18:21:26.482 [main] DEBUG org.mybatis.spring.mapper.ClassPathMapperScanner - Identified candidate component class: file [D:\study\www\JAVA\git\springcloud\sys\auth\target\classes\com\itheima\sys\auth\mapper\SysAccountMapper.class]
2022-04-27 18:21:26.483 [main] DEBUG org.mybatis.spring.mapper.ClassPathMapperScanner - Identified candidate component class: file [D:\study\www\JAVA\git\springcloud\sys\auth\target\classes\com\itheima\sys\auth\mapper\SysMenuMapper.class]
2022-04-27 18:21:26.483 [main] DEBUG org.mybatis.spring.mapper.ClassPathMapperScanner - Identified candidate component class: file [D:\study\www\JAVA\git\springcloud\sys\auth\target\classes\com\itheima\sys\auth\mapper\SysResourceMapper.class]
2022-04-27 18:21:26.483 [main] DEBUG org.mybatis.spring.mapper.ClassPathMapperScanner - Identified candidate component class: file [D:\study\www\JAVA\git\springcloud\sys\auth\target\classes\com\itheima\sys\auth\mapper\SysRoleMapper.class]
2022-04-27 18:21:26.484 [main] DEBUG org.mybatis.spring.mapper.ClassPathMapperScanner - Identified candidate component class: file [D:\study\www\JAVA\git\springcloud\sys\auth\target\classes\com\itheima\sys\auth\mapper\SysUserMapper.class]
2022-04-27 18:21:26.485 [main] DEBUG org.mybatis.spring.mapper.ClassPathMapperScanner - Creating MapperFactoryBean with name 'sysAccountMapper' and 'com.itheima.sys.auth.mapper.SysAccountMapper' mapperInterface
2022-04-27 18:21:26.486 [main] DEBUG org.mybatis.spring.mapper.ClassPathMapperScanner - Creating MapperFactoryBean with name 'sysMenuMapper' and 'com.itheima.sys.auth.mapper.SysMenuMapper' mapperInterface
2022-04-27 18:21:26.486 [main] DEBUG org.mybatis.spring.mapper.ClassPathMapperScanner - Creating MapperFactoryBean with name 'sysResourceMapper' and 'com.itheima.sys.auth.mapper.SysResourceMapper' mapperInterface
2022-04-27 18:21:26.486 [main] DEBUG org.mybatis.spring.mapper.ClassPathMapperScanner - Creating MapperFactoryBean with name 'sysRoleMapper' and 'com.itheima.sys.auth.mapper.SysRoleMapper' mapperInterface
2022-04-27 18:21:26.486 [main] DEBUG org.mybatis.spring.mapper.ClassPathMapperScanner - Creating MapperFactoryBean with name 'sysUserMapper' and 'com.itheima.sys.auth.mapper.SysUserMapper' mapperInterface
2022-04-27 18:21:26.490 [main] DEBUG org.mybatis.spring.mapper.ClassPathMapperScanner - Identified candidate component class: file [D:\study\www\JAVA\git\springcloud\sys\auth\target\classes\com\itheima\sys\auth\mapper\SysAccountMapper.class]
2022-04-27 18:21:26.490 [main] DEBUG org.mybatis.spring.mapper.ClassPathMapperScanner - Identified candidate component class: file [D:\study\www\JAVA\git\springcloud\sys\auth\target\classes\com\itheima\sys\auth\mapper\SysMenuMapper.class]
2022-04-27 18:21:26.490 [main] DEBUG org.mybatis.spring.mapper.ClassPathMapperScanner - Identified candidate component class: file [D:\study\www\JAVA\git\springcloud\sys\auth\target\classes\com\itheima\sys\auth\mapper\SysResourceMapper.class]
2022-04-27 18:21:26.491 [main] DEBUG org.mybatis.spring.mapper.ClassPathMapperScanner - Identified candidate component class: file [D:\study\www\JAVA\git\springcloud\sys\auth\target\classes\com\itheima\sys\auth\mapper\SysRoleMapper.class]
2022-04-27 18:21:26.491 [main] DEBUG org.mybatis.spring.mapper.ClassPathMapperScanner - Identified candidate component class: file [D:\study\www\JAVA\git\springcloud\sys\auth\target\classes\com\itheima\sys\auth\mapper\SysUserMapper.class]
